<?xml version="1.0" encoding="UTF-8"?>
<!-- Generated by org.testng.reporters.JUnitReportReporter -->
<testsuite hostname="Ramadevi" failures="0" tests="1" name="selenium1.selenium1.Testcase_Amazon_register_new_user" time="3.929" errors="0" timestamp="2024-09-19T08:52:33 EDT" skipped="0">
  <testcase classname="selenium1.selenium1.Testcase_Amazon_register_new_user" name="registration" time="3.929"/>
  <system-out/>
</testsuite> <!-- selenium1.selenium1.Testcase_Amazon_register_new_user -->
